<?xml version="1.0" encoding="UTF-8"?>
<!-- Generated by org.testng.reporters.JUnitReportReporter -->
<testsuite hostname="LAPTOP-JUA187N9" failures="0" tests="1" name="storetest.KYCPage" time="24.812" errors="0" timestamp="2025-04-16T14:15:15 IST" skipped="0">
  <testcase classname="storetest.KYCPage" name="kycpage" time="24.812"/>
</testsuite> <!-- storetest.KYCPage -->
