<?xml version="1.0" encoding="UTF-8"?>
<!-- Generated by org.testng.reporters.JUnitReportReporter -->
<testsuite hostname="LAPTOP-JUA187N9" failures="0" tests="1" name="storetest.StoreDetails" time="25.580" errors="0" timestamp="2025-04-16T10:57:43 IST" skipped="0">
  <testcase classname="storetest.StoreDetails" name="duplicatephonenumber" time="25.580"/>
</testsuite> <!-- storetest.StoreDetails -->
