<?xml version="1.0" encoding="UTF-8"?>
<!-- Generated by org.testng.reporters.JUnitReportReporter -->
<testsuite hostname="LAPTOP-JUA187N9" failures="0" tests="46" name="storetest.BankDetails" time="310.905" errors="0" timestamp="2025-04-16T12:10:56 IST" skipped="0">
  <testcase classname="storetest.BankDetails" name="validAccountHolderName" time="6.401"/>
  <testcase classname="storetest.BankDetails" name="emptyAccountHolderName" time="6.024"/>
  <testcase classname="storetest.BankDetails" name="multiSpaceAccountHolderName" time="5.997"/>
  <testcase classname="storetest.BankDetails" name="lessCharAccountHolderName" time="6.383"/>
  <testcase classname="storetest.BankDetails" name="moreCharAccountHolderName" time="6.586"/>
  <testcase classname="storetest.BankDetails" name="validAccountNumber" time="7.028"/>
  <testcase classname="storetest.BankDetails" name="emptyAccountNumber" time="6.203"/>
  <testcase classname="storetest.BankDetails" name="invalidAccountNumber" time="6.059"/>
  <testcase classname="storetest.BankDetails" name="lessCharAccountNumber" time="6.560"/>
  <testcase classname="storetest.BankDetails" name="moreCharAccountNumber" time="6.221"/>
  <testcase classname="storetest.BankDetails" name="specialCharAccountNumber" time="6.033"/>
  <testcase classname="storetest.BankDetails" name="multiSpaceAccountNumber" time="6.730"/>
  <testcase classname="storetest.BankDetails" name="validIfscCode" time="5.998"/>
  <testcase classname="storetest.BankDetails" name="emptyIfscCode" time="6.527"/>
  <testcase classname="storetest.BankDetails" name="spaceIfscCode" time="6.715"/>
  <testcase classname="storetest.BankDetails" name="specialCharIfscCode" time="6.154"/>
  <testcase classname="storetest.BankDetails" name="lessCharIfscCode" time="6.917"/>
  <testcase classname="storetest.BankDetails" name="moreCharIfscCode" time="6.176"/>
  <testcase classname="storetest.BankDetails" name="validBankName" time="6.258"/>
  <testcase classname="storetest.BankDetails" name="emptyBankName" time="6.651"/>
  <testcase classname="storetest.BankDetails" name="multiSpaceBankName" time="6.562"/>
  <testcase classname="storetest.BankDetails" name="lessCharBankName" time="5.922"/>
  <testcase classname="storetest.BankDetails" name="moreCharBankName" time="6.169"/>
  <testcase classname="storetest.BankDetails" name="validBranchName" time="6.030"/>
  <testcase classname="storetest.BankDetails" name="emptyBranchName" time="6.071"/>
  <testcase classname="storetest.BankDetails" name="multiSpaceBranchName" time="6.078"/>
  <testcase classname="storetest.BankDetails" name="lessCharBranchName" time="6.515"/>
  <testcase classname="storetest.BankDetails" name="moreCharBranchName" time="6.235"/>
  <testcase classname="storetest.BankDetails" name="validBranchAddress" time="6.375"/>
  <testcase classname="storetest.BankDetails" name="emptyBranchAddress" time="6.257"/>
  <testcase classname="storetest.BankDetails" name="multiSpaceBranchAddress" time="5.995"/>
  <testcase classname="storetest.BankDetails" name="lessCharBranchAddress" time="6.344"/>
  <testcase classname="storetest.BankDetails" name="moreCharBranchAddress" time="5.979"/>
  <testcase classname="storetest.BankDetails" name="validPanCard" time="6.606"/>
  <testcase classname="storetest.BankDetails" name="emptyPanCard" time="6.507"/>
  <testcase classname="storetest.BankDetails" name="invalidPanCard" time="6.261"/>
  <testcase classname="storetest.BankDetails" name="lessCharPanCard" time="6.361"/>
  <testcase classname="storetest.BankDetails" name="moreCharPanCard" time="6.797"/>
  <testcase classname="storetest.BankDetails" name="specialCharPanCard" time="6.620"/>
  <testcase classname="storetest.BankDetails" name="multiSpacePanCard" time="6.794"/>
  <testcase classname="storetest.BankDetails" name="validUpiId" time="6.534"/>
  <testcase classname="storetest.BankDetails" name="invalidUpiId" time="6.478"/>
  <testcase classname="storetest.BankDetails" name="spaceUiId" time="6.982"/>
  <testcase classname="storetest.BankDetails" name="specialCharUpiId" time="6.919"/>
  <testcase classname="storetest.BankDetails" name="backButtonBehaviour" time="13.933"/>
  <testcase classname="storetest.BankDetails" name="registerStoresuccessfull" time="15.960"/>
</testsuite> <!-- storetest.BankDetails -->
