<?xml version="1.0" encoding="UTF-8"?>
<!-- Generated by org.testng.reporters.JUnitReportReporter -->
<testsuite hostname="LAPTOP-JUA187N9" failures="0" tests="46" name="storetest.BankDetails" time="312.474" errors="0" timestamp="2025-04-15T18:28:28 IST" skipped="0">
  <testcase classname="storetest.BankDetails" name="validAccountHolderName" time="6.501"/>
  <testcase classname="storetest.BankDetails" name="emptyAccountHolderName" time="6.496"/>
  <testcase classname="storetest.BankDetails" name="multiSpaceAccountHolderName" time="6.549"/>
  <testcase classname="storetest.BankDetails" name="lessCharAccountHolderName" time="6.786"/>
  <testcase classname="storetest.BankDetails" name="moreCharAccountHolderName" time="6.385"/>
  <testcase classname="storetest.BankDetails" name="validAccountNumber" time="6.279"/>
  <testcase classname="storetest.BankDetails" name="emptyAccountNumber" time="6.177"/>
  <testcase classname="storetest.BankDetails" name="invalidAccountNumber" time="6.067"/>
  <testcase classname="storetest.BankDetails" name="lessCharAccountNumber" time="6.515"/>
  <testcase classname="storetest.BankDetails" name="moreCharAccountNumber" time="6.811"/>
  <testcase classname="storetest.BankDetails" name="specialCharAccountNumber" time="6.914"/>
  <testcase classname="storetest.BankDetails" name="multiSpaceAccountNumber" time="6.556"/>
  <testcase classname="storetest.BankDetails" name="validIfscCode" time="6.443"/>
  <testcase classname="storetest.BankDetails" name="emptyIfscCode" time="5.886"/>
  <testcase classname="storetest.BankDetails" name="spaceIfscCode" time="6.241"/>
  <testcase classname="storetest.BankDetails" name="specialCharIfscCode" time="5.987"/>
  <testcase classname="storetest.BankDetails" name="lessCharIfscCode" time="5.919"/>
  <testcase classname="storetest.BankDetails" name="moreCharIfscCode" time="6.273"/>
  <testcase classname="storetest.BankDetails" name="validBankName" time="6.639"/>
  <testcase classname="storetest.BankDetails" name="emptyBankName" time="6.640"/>
  <testcase classname="storetest.BankDetails" name="multiSpaceBankName" time="6.622"/>
  <testcase classname="storetest.BankDetails" name="lessCharBankName" time="6.400"/>
  <testcase classname="storetest.BankDetails" name="moreCharBankName" time="6.249"/>
  <testcase classname="storetest.BankDetails" name="validBranchName" time="6.222"/>
  <testcase classname="storetest.BankDetails" name="emptyBranchName" time="6.408"/>
  <testcase classname="storetest.BankDetails" name="multiSpaceBranchName" time="6.190"/>
  <testcase classname="storetest.BankDetails" name="lessCharBranchName" time="6.202"/>
  <testcase classname="storetest.BankDetails" name="moreCharBranchName" time="6.385"/>
  <testcase classname="storetest.BankDetails" name="validBranchAddress" time="6.544"/>
  <testcase classname="storetest.BankDetails" name="emptyBranchAddress" time="6.411"/>
  <testcase classname="storetest.BankDetails" name="multiSpaceBranchAddress" time="6.150"/>
  <testcase classname="storetest.BankDetails" name="lessCharBranchAddress" time="6.418"/>
  <testcase classname="storetest.BankDetails" name="moreCharBranchAddress" time="6.111"/>
  <testcase classname="storetest.BankDetails" name="validPanCard" time="6.058"/>
  <testcase classname="storetest.BankDetails" name="emptyPanCard" time="6.894"/>
  <testcase classname="storetest.BankDetails" name="invalidPanCard" time="6.781"/>
  <testcase classname="storetest.BankDetails" name="lessCharPanCard" time="6.441"/>
  <testcase classname="storetest.BankDetails" name="moreCharPanCard" time="6.427"/>
  <testcase classname="storetest.BankDetails" name="specialCharPanCard" time="7.511"/>
  <testcase classname="storetest.BankDetails" name="multiSpacePanCard" time="6.378"/>
  <testcase classname="storetest.BankDetails" name="validUpiId" time="6.466"/>
  <testcase classname="storetest.BankDetails" name="invalidUpiId" time="6.737"/>
  <testcase classname="storetest.BankDetails" name="spaceUiId" time="6.135"/>
  <testcase classname="storetest.BankDetails" name="specialCharUpiId" time="5.851"/>
  <testcase classname="storetest.BankDetails" name="backButtonBehaviour" time="14.375"/>
  <testcase classname="storetest.BankDetails" name="registerStoresuccessfull" time="16.044"/>
</testsuite> <!-- storetest.BankDetails -->
