<?xml version="1.0" encoding="UTF-8"?>
<!-- Generated by org.testng.reporters.JUnitReportReporter -->
<testsuite hostname="LAPTOP-JUA187N9" failures="0" tests="1" name="storetest.test" time="30.027" errors="0" timestamp="2025-03-26T16:38:18 IST" skipped="0">
  <testcase classname="storetest.test" name="dd" time="30.027"/>
</testsuite> <!-- storetest.test -->
