<?xml version="1.0" encoding="UTF-8"?>
<!-- Generated by org.testng.reporters.JUnitReportReporter -->
<testsuite hostname="LAPTOP-JUA187N9" failures="0" tests="66" name="storetest.test" time="346.099" errors="0" timestamp="2025-04-10T17:39:36 IST" skipped="0">
  <testcase classname="storetest.test" name="validTest" time="20.750"/>
  <testcase classname="storetest.test" name="testUploadLogo" time="7.784"/>
  <testcase classname="storetest.test" name="verifyUnsupportedFileUpload" time="4.314"/>
  <testcase classname="storetest.test" name="verifyDeleteLogo" time="4.819"/>
  <testcase classname="storetest.test" name="verifymaxsize" time="5.926"/>
  <testcase classname="storetest.test" name="validstorename" time="4.648"/>
  <testcase classname="storetest.test" name="emptystorename" time="4.945"/>
  <testcase classname="storetest.test" name="specialcharactersstorename" time="2.705"/>
  <testcase classname="storetest.test" name="minstorename" time="5.577"/>
  <testcase classname="storetest.test" name="maxstorename" time="4.585"/>
  <testcase classname="storetest.test" name="storetype" time="4.703"/>
  <testcase classname="storetest.test" name="storeselect" time="2.715"/>
  <testcase classname="storetest.test" name="validdoorno" time="4.842"/>
  <testcase classname="storetest.test" name="storetypenotselected" time="4.490"/>
  <testcase classname="storetest.test" name="statedd" time="4.543"/>
  <testcase classname="storetest.test" name="stateselect" time="4.871"/>
  <testcase classname="storetest.test" name="statenotselected" time="4.397"/>
  <testcase classname="storetest.test" name="citydd" time="6.971"/>
  <testcase classname="storetest.test" name="cityselect" time="7.409"/>
  <testcase classname="storetest.test" name="citynotselected" time="4.715"/>
  <testcase classname="storetest.test" name="pincodedd" time="9.385"/>
  <testcase classname="storetest.test" name="pincodeselect" time="9.768"/>
  <testcase classname="storetest.test" name="pincodenotselected" time="4.300"/>
  <testcase classname="storetest.test" name="emptydoorno" time="4.341"/>
  <testcase classname="storetest.test" name="specialdoorno" time="2.710"/>
  <testcase classname="storetest.test" name="maxdoorno" time="4.331"/>
  <testcase classname="storetest.test" name="validstreetname" time="4.950"/>
  <testcase classname="storetest.test" name="emptystreetname" time="4.271"/>
  <testcase classname="storetest.test" name="specialcharacterssteetname" time="2.348"/>
  <testcase classname="storetest.test" name="minstreetname" time="4.458"/>
  <testcase classname="storetest.test" name="maxstreetname" time="4.401"/>
  <testcase classname="storetest.test" name="validLocality" time="4.459"/>
  <testcase classname="storetest.test" name="emptyLocality" time="4.491"/>
  <testcase classname="storetest.test" name="specialCharacterLocality" time="4.380"/>
  <testcase classname="storetest.test" name="lessCharacterLocality" time="14.860"/>
  <testcase classname="storetest.test" name="moreCharacterLocality" time="4.613"/>
  <testcase classname="storetest.test" name="validEmail" time="6.411"/>
  <testcase classname="storetest.test" name="emptyEmail" time="4.208"/>
  <testcase classname="storetest.test" name="invalidEmail" time="4.809"/>
  <testcase classname="storetest.test" name="specialCharEmail" time="5.089"/>
  <testcase classname="storetest.test" name="minemail" time="4.301"/>
  <testcase classname="storetest.test" name="maxemail" time="4.445"/>
  <testcase classname="storetest.test" name="validPhoneNumber" time="5.665"/>
  <testcase classname="storetest.test" name="emptyPhoneNumber" time="4.691"/>
  <testcase classname="storetest.test" name="invalidPhoneNumber" time="4.477"/>
  <testcase classname="storetest.test" name="lessCharPhoneNumber" time="4.550"/>
  <testcase classname="storetest.test" name="moreCharPhoneNumber" time="4.409"/>
  <testcase classname="storetest.test" name="validGst" time="4.591"/>
  <testcase classname="storetest.test" name="emptyGst" time="4.745"/>
  <testcase classname="storetest.test" name="invalidGst" time="5.517"/>
  <testcase classname="storetest.test" name="invalidLenGst" time="4.733"/>
  <testcase classname="storetest.test" name="validWebsite" time="4.541"/>
  <testcase classname="storetest.test" name="emptyWebsite" time="4.397"/>
  <testcase classname="storetest.test" name="invalidWebsite" time="5.047"/>
  <testcase classname="storetest.test" name="specialCharWebsite" time="4.404"/>
  <testcase classname="storetest.test" name="validFssai" time="5.074"/>
  <testcase classname="storetest.test" name="emptyFssaiforFb" time="4.782"/>
  <testcase classname="storetest.test" name="emptyFssaiforother" time="4.617"/>
  <testcase classname="storetest.test" name="invalidFssai" time="4.324"/>
  <testcase classname="storetest.test" name="invalidLenFssai" time="4.691"/>
  <testcase classname="storetest.test" name="specialCharFssai" time="4.244"/>
  <testcase classname="storetest.test" name="validUdhayamID" time="5.180"/>
  <testcase classname="storetest.test" name="emptyUdhayamID" time="4.575"/>
  <testcase classname="storetest.test" name="invalidUdhayamID" time="4.298"/>
  <testcase classname="storetest.test" name="invalidLenUdhayamID" time="4.420"/>
  <testcase classname="storetest.test" name="specialCharUdhayamID" time="5.089"/>
</testsuite> <!-- storetest.test -->
