<?xml version="1.0" encoding="UTF-8"?>
<!-- Generated by org.testng.reporters.JUnitReportReporter -->
<testsuite hostname="LAPTOP-JUA187N9" failures="0" tests="1" name="storetest.addstore" time="28.208" errors="0" timestamp="2025-04-15T15:49:06 IST" skipped="0">
  <testcase classname="storetest.addstore" name="backButtonBehaviour" time="28.208"/>
</testsuite> <!-- storetest.addstore -->
